<!doctype html>
<html lang="">
<head>
    <meta charset="UTF-8">
    <meta name="viewport"
          content="width=device-width, user-scalable=no, initial-scale=1.0, maximum-scale=1.0, minimum-scale=1.0">
    <meta http-equiv="X-UA-Compatible" content="ie=edge">
    <title>Test Results Report - Test</title>

    <link href="reportng.css" rel="stylesheet" type="text/css"/>
</head>
<body>
<div id="meta">
Generated by <a href="http://www.testng.org" target="_blank">TestNG</a> with <a href="https://github.com/testng-team/reportng" target="_blank">ReportNG</a>
at 03:30 IST on Saturday 06 May 2023
    <br/><span
    id="systemInfo">USER@DESKTOP-HS01KO1&nbsp;/&nbsp;Java 17.0.5 (Eclipse Adoptium)&nbsp;/&nbsp;Windows 10 10.0 (amd64)</span>
</div>
<h1>Test</h1>

<p>
    <a href="index.html">Suites</a>
        &#183; <a href="output.html">Log Output</a>
</p>

<p>Test duration
    : 0.865s</p>

    <table class="resultsTable configTable">
        <tr>
            <th class="header failedConfig"
                colspan="3">Failed Configuration</th>
        </tr>
            <tr class="group">
                <td colspan="3">com.auto.tests.SigninToGmail</td>
            </tr>
    <tr>
        <td class="method">
                teardown
        </td>
        <td class="duration">
            0.802s
        </td>
        <td class="result">
            <!-- Display the dependencies for skipped test methods -->


            <!-- Show logger output for the test -->

                <a href="javascript:toggleElement('exception-0', 'block')"
                   title="Click to expand/collapse">
                    <b>java.lang.NullPointerException: Cannot invoke &quot;org.openqa.selenium.WebDriver.quit()&quot; because &quot;com.auto.tests.BaseClass.driver&quot; is null</b>
                </a>
                <br/>
                <div class="stackTrace" id="exception-0">
                        com.auto.tests.BaseClass.teardown(BaseClass.java:50)<br/>
                        java.base/jdk.internal.reflect.NativeMethodAccessorImpl.invoke0(Native Method)<br/>
                        java.base/jdk.internal.reflect.NativeMethodAccessorImpl.invoke(NativeMethodAccessorImpl.java:77)<br/>
                        java.base/jdk.internal.reflect.DelegatingMethodAccessorImpl.invoke(DelegatingMethodAccessorImpl.java:43)<br/>
                        java.base/java.lang.reflect.Method.invoke(Method.java:568)<br/>
                        org.testng.internal.MethodInvocationHelper.invokeMethod(MethodInvocationHelper.java:133)<br/>
                        org.testng.internal.MethodInvocationHelper.invokeMethodConsideringTimeout(MethodInvocationHelper.java:62)<br/>
                        org.testng.internal.ConfigInvoker.invokeConfigurationMethod(ConfigInvoker.java:385)<br/>
                        org.testng.internal.ConfigInvoker.invokeConfigurations(ConfigInvoker.java:321)<br/>
                        org.testng.internal.TestMethodWorker.invokeAfterClassMethods(TestMethodWorker.java:217)<br/>
                        org.testng.internal.TestMethodWorker.run(TestMethodWorker.java:130)<br/>
                        java.base/java.util.ArrayList.forEach(ArrayList.java:1511)<br/>
                        org.testng.TestRunner.privateRun(TestRunner.java:794)<br/>
                        org.testng.TestRunner.run(TestRunner.java:596)<br/>
                        org.testng.SuiteRunner.runTest(SuiteRunner.java:377)<br/>
                        org.testng.SuiteRunner.runSequentially(SuiteRunner.java:371)<br/>
                        org.testng.SuiteRunner.privateRun(SuiteRunner.java:332)<br/>
                        org.testng.SuiteRunner.run(SuiteRunner.java:276)<br/>
                        org.testng.SuiteRunnerWorker.runSuite(SuiteRunnerWorker.java:53)<br/>
                        org.testng.SuiteRunnerWorker.run(SuiteRunnerWorker.java:96)<br/>
                        org.testng.TestNG.runSuitesSequentially(TestNG.java:1212)<br/>
                        org.testng.TestNG.runSuitesLocally(TestNG.java:1134)<br/>
                        org.testng.TestNG.runSuites(TestNG.java:1063)<br/>
                        org.testng.TestNG.run(TestNG.java:1031)<br/>
                        org.testng.remote.AbstractRemoteTestNG.run(AbstractRemoteTestNG.java:115)<br/>
                        org.testng.remote.RemoteTestNG.initAndRun(RemoteTestNG.java:251)<br/>
                        org.testng.remote.RemoteTestNG.main(RemoteTestNG.java:77)<br/>
                </div>
        </td>
    </tr>

    </table>

    <table class="resultsTable">
        <tr>
            <th colspan="3" class="header failed">Failed Tests</th>
        </tr>
            <tr>
                <td class="group" colspan="3">com.auto.tests.SigninToGmail</td>
            </tr>
    <tr>
        <td class="method">
                Signin1
        </td>
        <td class="duration">
            0.063s
        </td>
        <td class="result">
            <!-- Display the dependencies for skipped test methods -->


            <!-- Show logger output for the test -->

                <a href="javascript:toggleElement('exception-1', 'block')"
                   title="Click to expand/collapse">
                    <b>java.lang.NullPointerException: Cannot invoke &quot;org.openqa.selenium.SearchContext.findElement(org.openqa.selenium.By)&quot; because &quot;this.searchContext&quot; is null</b>
                </a>
                <br/>
                <div class="stackTrace" id="exception-1">
                        org.openqa.selenium.support.pagefactory.DefaultElementLocator.findElement(DefaultElementLocator.java:70)<br/>
                        org.openqa.selenium.support.pagefactory.internal.LocatingElementHandler.invoke(LocatingElementHandler.java:39)<br/>
                        jdk.proxy2/jdk.proxy2.$Proxy13.sendKeys(Unknown Source)<br/>
                        com.auto.pages.LoginPage.enterUserName(LoginPage.java:33)<br/>
                        com.auto.tests.SigninToGmail.Signin1(SigninToGmail.java:18)<br/>
                        java.base/jdk.internal.reflect.NativeMethodAccessorImpl.invoke0(Native Method)<br/>
                        java.base/jdk.internal.reflect.NativeMethodAccessorImpl.invoke(NativeMethodAccessorImpl.java:77)<br/>
                        java.base/jdk.internal.reflect.DelegatingMethodAccessorImpl.invoke(DelegatingMethodAccessorImpl.java:43)<br/>
                        java.base/java.lang.reflect.Method.invoke(Method.java:568)<br/>
                        org.testng.internal.MethodInvocationHelper.invokeMethod(MethodInvocationHelper.java:133)<br/>
                        org.testng.internal.TestInvoker.invokeMethod(TestInvoker.java:598)<br/>
                        org.testng.internal.TestInvoker.invokeTestMethod(TestInvoker.java:173)<br/>
                        org.testng.internal.MethodRunner.runInSequence(MethodRunner.java:46)<br/>
                        org.testng.internal.TestInvoker$MethodInvocationAgent.invoke(TestInvoker.java:824)<br/>
                        org.testng.internal.TestInvoker.invokeTestMethods(TestInvoker.java:146)<br/>
                        org.testng.internal.TestMethodWorker.invokeTestMethods(TestMethodWorker.java:146)<br/>
                        org.testng.internal.TestMethodWorker.run(TestMethodWorker.java:128)<br/>
                        java.base/java.util.ArrayList.forEach(ArrayList.java:1511)<br/>
                        org.testng.TestRunner.privateRun(TestRunner.java:794)<br/>
                        org.testng.TestRunner.run(TestRunner.java:596)<br/>
                        org.testng.SuiteRunner.runTest(SuiteRunner.java:377)<br/>
                        org.testng.SuiteRunner.runSequentially(SuiteRunner.java:371)<br/>
                        org.testng.SuiteRunner.privateRun(SuiteRunner.java:332)<br/>
                        org.testng.SuiteRunner.run(SuiteRunner.java:276)<br/>
                        org.testng.SuiteRunnerWorker.runSuite(SuiteRunnerWorker.java:53)<br/>
                        org.testng.SuiteRunnerWorker.run(SuiteRunnerWorker.java:96)<br/>
                        org.testng.TestNG.runSuitesSequentially(TestNG.java:1212)<br/>
                        org.testng.TestNG.runSuitesLocally(TestNG.java:1134)<br/>
                        org.testng.TestNG.runSuites(TestNG.java:1063)<br/>
                        org.testng.TestNG.run(TestNG.java:1031)<br/>
                        org.testng.remote.AbstractRemoteTestNG.run(AbstractRemoteTestNG.java:115)<br/>
                        org.testng.remote.RemoteTestNG.initAndRun(RemoteTestNG.java:251)<br/>
                        org.testng.remote.RemoteTestNG.main(RemoteTestNG.java:77)<br/>
                </div>
        </td>
    </tr>
    </table>



<script type="text/javascript" src="reportng.js"></script>
</body>
